<?xml version="1.0" encoding="UTF-8"?>
<project basedir="." default="jUnit" name="jUnit">
	<property name="src" value="src" />
	<property name="build" value="build/classes" />
	<property name="test.reports" value="reports" />

	<property name="lib.dir" value="webcontent/WEB-INF/lib" />

	<path id="classPath">
		<pathelement location="${lib.dir}/junit-4.10.jar" />
	</path>

	<target name="compile" />

	<target name="jUnit" depends="compile" description="JUnit-Tests durchfÃ¼hren">
		<echo message="start jUnitTests" />
		<delete dir="${test.reports}" />
		<mkdir dir="${test.reports}" />
		<junit printsummary="yes" fork="yes" haltonfailure="no">
			<classpath location="${build}" >
				 <pathelement location="${lib.dir}"/>
			</classpath>
			<formatter type="xml" />

			<batchtest todir="${test.reports}">
				<fileset dir="${src}">
					<include name="**/*Test.java" />
				</fileset>
			</batchtest>
		</junit>
		<echo message="Fertig, Testergebnisse im Verzeichnis ${test.reports}" />
	</target>
</project>
